<?xml version="1.0" encoding="UTF-8"?>
<testng-results skipped="0" failed="0" ignored="0" total="1" passed="1">
  <reporter-output>
  </reporter-output>
  <suite name="TestRestSel" duration-ms="12494" started-at="2020-09-04T14:12:48 IST" finished-at="2020-09-04T14:13:00 IST">
    <groups>
    </groups>
    <test name="Command line test" duration-ms="12494" started-at="2020-09-04T14:12:48 IST" finished-at="2020-09-04T14:13:00 IST">
      <class name="TestRestSel">
        <test-method status="PASS" signature="testBoth()[pri:0, instance:TestRestSel@49993335]" name="testBoth" duration-ms="12454" started-at="2020-09-04T14:12:48 IST" finished-at="2020-09-04T14:13:00 IST">
          <reporter-output>
          </reporter-output>
        </test-method> <!-- testBoth -->
      </class> <!-- TestRestSel -->
    </test> <!-- Command line test -->
  </suite> <!-- TestRestSel -->
</testng-results>
